# JRE version: Java(TM) SE Runtime Environment (8.0-b132) (build 1.8.0-b132)
# Java VM: Java HotSpot(TM) Client VM (25.0-b70 mixed mode, sharing windows-x86 )
Heap:
 def new generation   total 78656K, used 14815K [0x04600000, 0x09b50000, 0x09b50000)
  eden space 69952K,  21% used [0x04600000, 0x05477f78, 0x08a50000)
  from space 8704K,   0% used [0x08a50000, 0x08a50000, 0x092d0000)
  to   space 8704K,   0% used [0x092d0000, 0x092d0000, 0x09b50000)
 tenured generation   total 174784K, used 141000K [0x09b50000, 0x14600000, 0x14600000)
   the space 174784K,  80% used [0x09b50000, 0x12502130, 0x12502200, 0x14600000)
 Metaspace       used 8519K, capacity 9104K, committed 9216K, reserved 9600K
GC Heap History (10 events):
Event: 2.614 GC heap before
{Heap before GC invocations=28 (full 3):
 def new generation   total 43136K, used 43135K [0x04600000, 0x074c0000, 0x09b50000)
  eden space 38400K, 100% used [0x04600000, 0x06b80000, 0x06b80000)
  from space 4736K,  99% used [0x07020000, 0x074bfff8, 0x074c0000)
  to   space 4736K,   0% used [0x06b80000, 0x06b80000, 0x07020000)
 tenured generation   total 95708K, used 75451K [0x09b50000, 0x0f8c7000, 0x14600000)
   the space 95708K,  78% used [0x09b50000, 0x0e4feed8, 0x0e4ff000, 0x0f8c7000)
 Metaspace       used 7954K, capacity 8528K, committed 8576K, reserved 8576K
Event: 2.664 GC heap after
Heap after GC invocations=29 (full 3):
 def new generation   total 43136K, used 4736K [0x04600000, 0x074c0000, 0x09b50000)
  eden space 38400K,   0% used [0x04600000, 0x04600000, 0x06b80000)
  from space 4736K, 100% used [0x06b80000, 0x07020000, 0x07020000)
  to   space 4736K,   0% used [0x07020000, 0x07020000, 0x074c0000)
 tenured generation   total 95708K, used 93474K [0x09b50000, 0x0f8c7000, 0x14600000)
   the space 95708K,  97% used [0x09b50000, 0x0f698a60, 0x0f698c00, 0x0f8c7000)
 Metaspace       used 7954K, capacity 8528K, committed 8576K, reserved 8576K
}
Event: 2.770 GC heap before
{Heap before GC invocations=29 (full 3):
 def new generation   total 43136K, used 43136K [0x04600000, 0x074c0000, 0x09b50000)
  eden space 38400K, 100% used [0x04600000, 0x06b80000, 0x06b80000)
  from space 4736K, 100% used [0x06b80000, 0x07020000, 0x07020000)
  to   space 4736K,   0% used [0x07020000, 0x07020000, 0x074c0000)
 tenured generation   total 95708K, used 93474K [0x09b50000, 0x0f8c7000, 0x14600000)
   the space 95708K,  97% used [0x09b50000, 0x0f698a60, 0x0f698c00, 0x0f8c7000)
 Metaspace       used 7954K, capacity 8528K, committed 8576K, reserved 8576K
Event: 3.004 GC heap after
Heap after GC invocations=30 (full 4):
 def new generation   total 78656K, used 2680K [0x04600000, 0x09b50000, 0x09b50000)
  eden space 69952K,   3% used [0x04600000, 0x0489e2f8, 0x08a50000)
  from space 8704K,   0% used [0x08a50000, 0x08a50000, 0x092d0000)
  to   space 8704K,   0% used [0x092d0000, 0x092d0000, 0x09b50000)
 tenured generation   total 174784K, used 112475K [0x09b50000, 0x14600000, 0x14600000)
   the space 174784K,  64% used [0x09b50000, 0x10926ff0, 0x10927000, 0x14600000)
 Metaspace       used 7954K, capacity 8528K, committed 8576K, reserved 8576K
}
Event: 3.203 GC heap before
{Heap before GC invocations=30 (full 4):
 def new generation   total 78656K, used 69952K [0x04600000, 0x09b50000, 0x09b50000)
  eden space 69952K, 100% used [0x04600000, 0x08a50000, 0x08a50000)
  from space 8704K,   0% used [0x08a50000, 0x08a50000, 0x092d0000)
  to   space 8704K,   0% used [0x092d0000, 0x092d0000, 0x09b50000)
 tenured generation   total 174784K, used 112475K [0x09b50000, 0x14600000, 0x14600000)
   the space 174784K,  64% used [0x09b50000, 0x10926ff0, 0x10927000, 0x14600000)
 Metaspace       used 7954K, capacity 8528K, committed 8576K, reserved 8576K
Event: 3.310 GC heap after
Heap after GC invocations=31 (full 4):
 def new generation   total 78656K, used 8704K [0x04600000, 0x09b50000, 0x09b50000)
  eden space 69952K,   0% used [0x04600000, 0x04600000, 0x08a50000)
  from space 8704K, 100% used [0x092d0000, 0x09b50000, 0x09b50000)
  to   space 8704K,   0% used [0x08a50000, 0x08a50000, 0x092d0000)
 tenured generation   total 174784K, used 138467K [0x09b50000, 0x14600000, 0x14600000)
   the space 174784K,  79% used [0x09b50000, 0x12288d20, 0x12288e00, 0x14600000)
 Metaspace       used 7954K, capacity 8528K, committed 8576K, reserved 8576K
}
Event: 3.524 GC heap before
{Heap before GC invocations=31 (full 4):
 def new generation   total 78656K, used 78656K [0x04600000, 0x09b50000, 0x09b50000)
  eden space 69952K, 100% used [0x04600000, 0x08a50000, 0x08a50000)
  from space 8704K, 100% used [0x092d0000, 0x09b50000, 0x09b50000)
  to   space 8704K,   0% used [0x08a50000, 0x08a50000, 0x092d0000)
 tenured generation   total 174784K, used 138467K [0x09b50000, 0x14600000, 0x14600000)
   the space 174784K,  79% used [0x09b50000, 0x12288d20, 0x12288e00, 0x14600000)
 Metaspace       used 7954K, capacity 8528K, committed 8576K, reserved 8576K
Event: 3.623 GC heap after
Heap after GC invocations=32 (full 4):
 def new generation   total 78656K, used 8704K [0x04600000, 0x09b50000, 0x09b50000)
  eden space 69952K,   0% used [0x04600000, 0x04600000, 0x08a50000)
  from space 8704K, 100% used [0x08a50000, 0x092d0000, 0x092d0000)
  to   space 8704K,   0% used [0x092d0000, 0x092d0000, 0x09b50000)
 tenured generation   total 174784K, used 171859K [0x09b50000, 0x14600000, 0x14600000)
   the space 174784K,  98% used [0x09b50000, 0x14324ef8, 0x14325000, 0x14600000)
 Metaspace       used 7954K, capacity 8528K, committed 8576K, reserved 8576K
}
Event: 4.363 GC heap before
{Heap before GC invocations=32 (full 4):
 def new generation   total 78656K, used 78656K [0x04600000, 0x09b50000, 0x09b50000)
  eden space 69952K, 100% used [0x04600000, 0x08a50000, 0x08a50000)
  from space 8704K, 100% used [0x08a50000, 0x092d0000, 0x092d0000)
  to   space 8704K,   0% used [0x092d0000, 0x092d0000, 0x09b50000)
 tenured generation   total 174784K, used 171859K [0x09b50000, 0x14600000, 0x14600000)
   the space 174784K,  98% used [0x09b50000, 0x14324ef8, 0x14325000, 0x14600000)
 Metaspace       used 8434K, capacity 9008K, committed 9088K, reserved 9600K
Event: 4.703 GC heap after
Heap after GC invocations=33 (full 5):
 def new generation   total 78656K, used 0K [0x04600000, 0x09b50000, 0x09b50000)
  eden space 69952K,   0% used [0x04600000, 0x04600000, 0x08a50000)
  from space 8704K,   0% used [0x08a50000, 0x08a50000, 0x092d0000)
  to   space 8704K,   0% used [0x092d0000, 0x092d0000, 0x09b50000)
 tenured generation   total 174784K, used 141000K [0x09b50000, 0x14600000, 0x14600000)
   the space 174784K,  80% used [0x09b50000, 0x12502130, 0x12502200, 0x14600000)
 Metaspace       used 8434K, capacity 9008K, committed 9088K, reserved 9600K
}

