# JRE version: Java(TM) SE Runtime Environment (8.0-b132) (build 1.8.0-b132)
# Java VM: Java HotSpot(TM) Client VM (25.0-b70 mixed mode, sharing windows-x86 )
Heap:
 def new generation   total 78656K, used 13147K [0x04400000, 0x09950000, 0x09950000)
  eden space 69952K,  18% used [0x04400000, 0x050d6e20, 0x08850000)
  from space 8704K,   0% used [0x08850000, 0x08850000, 0x090d0000)
  to   space 8704K,   0% used [0x090d0000, 0x090d0000, 0x09950000)
 tenured generation   total 174784K, used 96125K [0x09950000, 0x14400000, 0x14400000)
   the space 174784K,  54% used [0x09950000, 0x0f72f718, 0x0f72f800, 0x14400000)
 Metaspace       used 8502K, capacity 9090K, committed 9216K, reserved 9600K
GC Heap History (10 events):
Event: 3.197 GC heap before
{Heap before GC invocations=28 (full 3):
 def new generation   total 42688K, used 42688K [0x04400000, 0x07250000, 0x09950000)
  eden space 37952K, 100% used [0x04400000, 0x06910000, 0x06910000)
  from space 4736K, 100% used [0x06db0000, 0x07250000, 0x07250000)
  to   space 4736K,   0% used [0x06910000, 0x06910000, 0x06db0000)
 tenured generation   total 94768K, used 72457K [0x09950000, 0x0f5dc000, 0x14400000)
   the space 94768K,  76% used [0x09950000, 0x0e012580, 0x0e012600, 0x0f5dc000)
 Metaspace       used 7953K, capacity 8528K, committed 8576K, reserved 8576K
Event: 3.265 GC heap after
Heap after GC invocations=29 (full 3):
 def new generation   total 42688K, used 4736K [0x04400000, 0x07250000, 0x09950000)
  eden space 37952K,   0% used [0x04400000, 0x04400000, 0x06910000)
  from space 4736K, 100% used [0x06910000, 0x06db0000, 0x06db0000)
  to   space 4736K,   0% used [0x06db0000, 0x06db0000, 0x07250000)
 tenured generation   total 94768K, used 90302K [0x09950000, 0x0f5dc000, 0x14400000)
   the space 94768K,  95% used [0x09950000, 0x0f17fb80, 0x0f17fc00, 0x0f5dc000)
 Metaspace       used 7953K, capacity 8528K, committed 8576K, reserved 8576K
}
Event: 3.441 GC heap before
{Heap before GC invocations=29 (full 3):
 def new generation   total 42688K, used 42688K [0x04400000, 0x07250000, 0x09950000)
  eden space 37952K, 100% used [0x04400000, 0x06910000, 0x06910000)
  from space 4736K, 100% used [0x06910000, 0x06db0000, 0x06db0000)
  to   space 4736K,   0% used [0x06db0000, 0x06db0000, 0x07250000)
 tenured generation   total 94768K, used 90302K [0x09950000, 0x0f5dc000, 0x14400000)
   the space 94768K,  95% used [0x09950000, 0x0f17fb80, 0x0f17fc00, 0x0f5dc000)
 Metaspace       used 7953K, capacity 8528K, committed 8576K, reserved 8576K
Event: 3.704 GC heap after
Heap after GC invocations=30 (full 4):
 def new generation   total 78656K, used 2999K [0x04400000, 0x09950000, 0x09950000)
  eden space 69952K,   4% used [0x04400000, 0x046edcb0, 0x08850000)
  from space 8704K,   0% used [0x08850000, 0x08850000, 0x090d0000)
  to   space 8704K,   0% used [0x090d0000, 0x090d0000, 0x09950000)
 tenured generation   total 174784K, used 108847K [0x09950000, 0x14400000, 0x14400000)
   the space 174784K,  62% used [0x09950000, 0x1039bff8, 0x1039c000, 0x14400000)
 Metaspace       used 7953K, capacity 8528K, committed 8576K, reserved 8576K
}
Event: 3.933 GC heap before
{Heap before GC invocations=30 (full 4):
 def new generation   total 78656K, used 69952K [0x04400000, 0x09950000, 0x09950000)
  eden space 69952K, 100% used [0x04400000, 0x08850000, 0x08850000)
  from space 8704K,   0% used [0x08850000, 0x08850000, 0x090d0000)
  to   space 8704K,   0% used [0x090d0000, 0x090d0000, 0x09950000)
 tenured generation   total 174784K, used 108847K [0x09950000, 0x14400000, 0x14400000)
   the space 174784K,  62% used [0x09950000, 0x1039bff8, 0x1039c000, 0x14400000)
 Metaspace       used 7953K, capacity 8528K, committed 8576K, reserved 8576K
Event: 4.066 GC heap after
Heap after GC invocations=31 (full 4):
 def new generation   total 78656K, used 8704K [0x04400000, 0x09950000, 0x09950000)
  eden space 69952K,   0% used [0x04400000, 0x04400000, 0x08850000)
  from space 8704K, 100% used [0x090d0000, 0x09950000, 0x09950000)
  to   space 8704K,   0% used [0x08850000, 0x08850000, 0x090d0000)
 tenured generation   total 174784K, used 134724K [0x09950000, 0x14400000, 0x14400000)
   the space 174784K,  77% used [0x09950000, 0x11ce10e0, 0x11ce1200, 0x14400000)
 Metaspace       used 7953K, capacity 8528K, committed 8576K, reserved 8576K
}
Event: 4.448 GC heap before
{Heap before GC invocations=31 (full 4):
 def new generation   total 78656K, used 78656K [0x04400000, 0x09950000, 0x09950000)
  eden space 69952K, 100% used [0x04400000, 0x08850000, 0x08850000)
  from space 8704K, 100% used [0x090d0000, 0x09950000, 0x09950000)
  to   space 8704K,   0% used [0x08850000, 0x08850000, 0x090d0000)
 tenured generation   total 174784K, used 134724K [0x09950000, 0x14400000, 0x14400000)
   the space 174784K,  77% used [0x09950000, 0x11ce10e0, 0x11ce1200, 0x14400000)
 Metaspace       used 7953K, capacity 8528K, committed 8576K, reserved 8576K
Event: 4.579 GC heap after
Heap after GC invocations=32 (full 4):
 def new generation   total 78656K, used 8703K [0x04400000, 0x09950000, 0x09950000)
  eden space 69952K,   0% used [0x04400000, 0x04400000, 0x08850000)
  from space 8704K,  99% used [0x08850000, 0x090cfff8, 0x090d0000)
  to   space 8704K,   0% used [0x090d0000, 0x090d0000, 0x09950000)
 tenured generation   total 174784K, used 167371K [0x09950000, 0x14400000, 0x14400000)
   the space 174784K,  95% used [0x09950000, 0x13cc2e70, 0x13cc3000, 0x14400000)
 Metaspace       used 7953K, capacity 8528K, committed 8576K, reserved 8576K
}
Event: 8.529 GC heap before
{Heap before GC invocations=32 (full 4):
 def new generation   total 78656K, used 78655K [0x04400000, 0x09950000, 0x09950000)
  eden space 69952K, 100% used [0x04400000, 0x08850000, 0x08850000)
  from space 8704K,  99% used [0x08850000, 0x090cfff8, 0x090d0000)
  to   space 8704K,   0% used [0x090d0000, 0x090d0000, 0x09950000)
 tenured generation   total 174784K, used 167371K [0x09950000, 0x14400000, 0x14400000)
   the space 174784K,  95% used [0x09950000, 0x13cc2e70, 0x13cc3000, 0x14400000)
 Metaspace       used 8502K, capacity 9090K, committed 9216K, reserved 9600K
Event: 8.718 GC heap after
Heap after GC invocations=33 (full 5):
 def new generation   total 78656K, used 0K [0x04400000, 0x09950000, 0x09950000)
  eden space 69952K,   0% used [0x04400000, 0x04400000, 0x08850000)
  from space 8704K,   0% used [0x08850000, 0x08850000, 0x090d0000)
  to   space 8704K,   0% used [0x090d0000, 0x090d0000, 0x09950000)
 tenured generation   total 174784K, used 96125K [0x09950000, 0x14400000, 0x14400000)
   the space 174784K,  54% used [0x09950000, 0x0f72f718, 0x0f72f800, 0x14400000)
 Metaspace       used 8502K, capacity 9090K, committed 9216K, reserved 9600K
}

