# JRE version: Java(TM) SE Runtime Environment (8.0-b132) (build 1.8.0-b132)
# Java VM: Java HotSpot(TM) Client VM (25.0-b70 mixed mode windows-x86 )
Heap:
 def new generation   total 78656K, used 76147K [0x04e00000, 0x0a350000, 0x0a350000)
  eden space 69952K,  96% used [0x04e00000, 0x08fdcc58, 0x09250000)
  from space 8704K, 100% used [0x09250000, 0x09ad0000, 0x09ad0000)
  to   space 8704K,   0% used [0x09ad0000, 0x09ad0000, 0x0a350000)
 tenured generation   total 174784K, used 165679K [0x0a350000, 0x14e00000, 0x14e00000)
   the space 174784K,  94% used [0x0a350000, 0x1451bf58, 0x1451c000, 0x14e00000)
 Metaspace       used 11395K, capacity 11493K, committed 11648K, reserved 11648K
GC Heap History (10 events):
Event: 2.790 GC heap before
{Heap before GC invocations=27 (full 3):
 def new generation   total 42688K, used 37952K [0x04e00000, 0x07c50000, 0x0a350000)
  eden space 37952K, 100% used [0x04e00000, 0x07310000, 0x07310000)
  from space 4736K,   0% used [0x07310000, 0x07310000, 0x077b0000)
  to   space 4736K,   0% used [0x077b0000, 0x077b0000, 0x07c50000)
 tenured generation   total 94752K, used 56850K [0x0a350000, 0x0ffd8000, 0x14e00000)
   the space 94752K,  59% used [0x0a350000, 0x0dad4880, 0x0dad4a00, 0x0ffd8000)
 Metaspace       used 10826K, capacity 10872K, committed 11008K, reserved 11648K
Event: 2.848 GC heap after
Heap after GC invocations=28 (full 3):
 def new generation   total 42688K, used 4736K [0x04e00000, 0x07c50000, 0x0a350000)
  eden space 37952K,   0% used [0x04e00000, 0x04e00000, 0x07310000)
  from space 4736K, 100% used [0x077b0000, 0x07c50000, 0x07c50000)
  to   space 4736K,   0% used [0x07310000, 0x07310000, 0x077b0000)
 tenured generation   total 94752K, used 72314K [0x0a350000, 0x0ffd8000, 0x14e00000)
   the space 94752K,  76% used [0x0a350000, 0x0e9eebd8, 0x0e9eec00, 0x0ffd8000)
 Metaspace       used 10826K, capacity 10872K, committed 11008K, reserved 11648K
}
Event: 2.960 GC heap before
{Heap before GC invocations=28 (full 3):
 def new generation   total 42688K, used 42688K [0x04e00000, 0x07c50000, 0x0a350000)
  eden space 37952K, 100% used [0x04e00000, 0x07310000, 0x07310000)
  from space 4736K, 100% used [0x077b0000, 0x07c50000, 0x07c50000)
  to   space 4736K,   0% used [0x07310000, 0x07310000, 0x077b0000)
 tenured generation   total 94752K, used 72314K [0x0a350000, 0x0ffd8000, 0x14e00000)
   the space 94752K,  76% used [0x0a350000, 0x0e9eebd8, 0x0e9eec00, 0x0ffd8000)
 Metaspace       used 10826K, capacity 10872K, committed 11008K, reserved 11648K
Event: 3.007 GC heap after
Heap after GC invocations=29 (full 3):
 def new generation   total 42688K, used 4735K [0x04e00000, 0x07c50000, 0x0a350000)
  eden space 37952K,   0% used [0x04e00000, 0x04e00000, 0x07310000)
  from space 4736K,  99% used [0x07310000, 0x077afff8, 0x077b0000)
  to   space 4736K,   0% used [0x077b0000, 0x077b0000, 0x07c50000)
 tenured generation   total 94752K, used 90166K [0x0a350000, 0x0ffd8000, 0x14e00000)
   the space 94752K,  95% used [0x0a350000, 0x0fb5d9b0, 0x0fb5da00, 0x0ffd8000)
 Metaspace       used 10826K, capacity 10872K, committed 11008K, reserved 11648K
}
Event: 3.121 GC heap before
{Heap before GC invocations=29 (full 3):
 def new generation   total 42688K, used 42687K [0x04e00000, 0x07c50000, 0x0a350000)
  eden space 37952K, 100% used [0x04e00000, 0x07310000, 0x07310000)
  from space 4736K,  99% used [0x07310000, 0x077afff8, 0x077b0000)
  to   space 4736K,   0% used [0x077b0000, 0x077b0000, 0x07c50000)
 tenured generation   total 94752K, used 90166K [0x0a350000, 0x0ffd8000, 0x14e00000)
   the space 94752K,  95% used [0x0a350000, 0x0fb5d9b0, 0x0fb5da00, 0x0ffd8000)
 Metaspace       used 10826K, capacity 10872K, committed 11008K, reserved 11648K
Event: 3.410 GC heap after
Heap after GC invocations=30 (full 4):
 def new generation   total 78656K, used 4024K [0x04e00000, 0x0a350000, 0x0a350000)
  eden space 69952K,   5% used [0x04e00000, 0x051ee218, 0x09250000)
  from space 8704K,   0% used [0x09250000, 0x09250000, 0x09ad0000)
  to   space 8704K,   0% used [0x09ad0000, 0x09ad0000, 0x0a350000)
 tenured generation   total 174784K, used 107689K [0x0a350000, 0x14e00000, 0x14e00000)
   the space 174784K,  61% used [0x0a350000, 0x10c7a690, 0x10c7a800, 0x14e00000)
 Metaspace       used 10826K, capacity 10872K, committed 11008K, reserved 11648K
}
Event: 3.686 GC heap before
{Heap before GC invocations=30 (full 4):
 def new generation   total 78656K, used 69952K [0x04e00000, 0x0a350000, 0x0a350000)
  eden space 69952K, 100% used [0x04e00000, 0x09250000, 0x09250000)
  from space 8704K,   0% used [0x09250000, 0x09250000, 0x09ad0000)
  to   space 8704K,   0% used [0x09ad0000, 0x09ad0000, 0x0a350000)
 tenured generation   total 174784K, used 107689K [0x0a350000, 0x14e00000, 0x14e00000)
   the space 174784K,  61% used [0x0a350000, 0x10c7a690, 0x10c7a800, 0x14e00000)
 Metaspace       used 10826K, capacity 10872K, committed 11008K, reserved 11648K
Event: 3.791 GC heap after
Heap after GC invocations=31 (full 4):
 def new generation   total 78656K, used 8704K [0x04e00000, 0x0a350000, 0x0a350000)
  eden space 69952K,   0% used [0x04e00000, 0x04e00000, 0x09250000)
  from space 8704K, 100% used [0x09ad0000, 0x0a350000, 0x0a350000)
  to   space 8704K,   0% used [0x09250000, 0x09250000, 0x09ad0000)
 tenured generation   total 174784K, used 134056K [0x0a350000, 0x14e00000, 0x14e00000)
   the space 174784K,  76% used [0x0a350000, 0x1263a0c8, 0x1263a200, 0x14e00000)
 Metaspace       used 10826K, capacity 10872K, committed 11008K, reserved 11648K
}
Event: 4.038 GC heap before
{Heap before GC invocations=31 (full 4):
 def new generation   total 78656K, used 78656K [0x04e00000, 0x0a350000, 0x0a350000)
  eden space 69952K, 100% used [0x04e00000, 0x09250000, 0x09250000)
  from space 8704K, 100% used [0x09ad0000, 0x0a350000, 0x0a350000)
  to   space 8704K,   0% used [0x09250000, 0x09250000, 0x09ad0000)
 tenured generation   total 174784K, used 134056K [0x0a350000, 0x14e00000, 0x14e00000)
   the space 174784K,  76% used [0x0a350000, 0x1263a0c8, 0x1263a200, 0x14e00000)
 Metaspace       used 10826K, capacity 10872K, committed 11008K, reserved 11648K
Event: 4.155 GC heap after
Heap after GC invocations=32 (full 4):
 def new generation   total 78656K, used 8704K [0x04e00000, 0x0a350000, 0x0a350000)
  eden space 69952K,   0% used [0x04e00000, 0x04e00000, 0x09250000)
  from space 8704K, 100% used [0x09250000, 0x09ad0000, 0x09ad0000)
  to   space 8704K,   0% used [0x09ad0000, 0x09ad0000, 0x0a350000)
 tenured generation   total 174784K, used 165679K [0x0a350000, 0x14e00000, 0x14e00000)
   the space 174784K,  94% used [0x0a350000, 0x1451bf58, 0x1451c000, 0x14e00000)
 Metaspace       used 10826K, capacity 10872K, committed 11008K, reserved 11648K
}

