# JRE version: Java(TM) SE Runtime Environment (8.0-b132) (build 1.8.0-b132)
# Java VM: Java HotSpot(TM) Client VM (25.0-b70 mixed mode windows-x86 )
Heap:
 def new generation   total 78656K, used 50649K [0x04a00000, 0x09f50000, 0x09f50000)
  eden space 69952K,  72% used [0x04a00000, 0x07b765c8, 0x08e50000)
  from space 8704K,   0% used [0x08e50000, 0x08e50000, 0x096d0000)
  to   space 8704K,   0% used [0x096d0000, 0x096d0000, 0x09f50000)
 tenured generation   total 174784K, used 140955K [0x09f50000, 0x14a00000, 0x14a00000)
   the space 174784K,  80% used [0x09f50000, 0x128f6dd8, 0x128f6e00, 0x14a00000)
 Metaspace       used 11372K, capacity 11466K, committed 11520K, reserved 11648K
GC Heap History (10 events):
Event: 2.693 GC heap before
{Heap before GC invocations=28 (full 3):
 def new generation   total 42816K, used 42816K [0x04a00000, 0x07870000, 0x09f50000)
  eden space 38080K, 100% used [0x04a00000, 0x06f30000, 0x06f30000)
  from space 4736K, 100% used [0x073d0000, 0x07870000, 0x07870000)
  to   space 4736K,   0% used [0x06f30000, 0x06f30000, 0x073d0000)
 tenured generation   total 94984K, used 75112K [0x09f50000, 0x0fc12000, 0x14a00000)
   the space 94984K,  79% used [0x09f50000, 0x0e8aa3a8, 0x0e8aa400, 0x0fc12000)
 Metaspace       used 10826K, capacity 10872K, committed 11008K, reserved 11648K
Event: 2.740 GC heap after
Heap after GC invocations=29 (full 3):
 def new generation   total 42816K, used 4735K [0x04a00000, 0x07870000, 0x09f50000)
  eden space 38080K,   0% used [0x04a00000, 0x04a00000, 0x06f30000)
  from space 4736K,  99% used [0x06f30000, 0x073cfff8, 0x073d0000)
  to   space 4736K,   0% used [0x073d0000, 0x073d0000, 0x07870000)
 tenured generation   total 94984K, used 92975K [0x09f50000, 0x0fc12000, 0x14a00000)
   the space 94984K,  97% used [0x09f50000, 0x0fa1bcf8, 0x0fa1be00, 0x0fc12000)
 Metaspace       used 10826K, capacity 10872K, committed 11008K, reserved 11648K
}
Event: 2.852 GC heap before
{Heap before GC invocations=29 (full 3):
 def new generation   total 42816K, used 42815K [0x04a00000, 0x07870000, 0x09f50000)
  eden space 38080K, 100% used [0x04a00000, 0x06f30000, 0x06f30000)
  from space 4736K,  99% used [0x06f30000, 0x073cfff8, 0x073d0000)
  to   space 4736K,   0% used [0x073d0000, 0x073d0000, 0x07870000)
 tenured generation   total 94984K, used 92975K [0x09f50000, 0x0fc12000, 0x14a00000)
   the space 94984K,  97% used [0x09f50000, 0x0fa1bcf8, 0x0fa1be00, 0x0fc12000)
 Metaspace       used 10826K, capacity 10872K, committed 11008K, reserved 11648K
Event: 3.074 GC heap after
Heap after GC invocations=30 (full 4):
 def new generation   total 78656K, used 2633K [0x04a00000, 0x09f50000, 0x09f50000)
  eden space 69952K,   3% used [0x04a00000, 0x04c92598, 0x08e50000)
  from space 8704K,   0% used [0x08e50000, 0x08e50000, 0x096d0000)
  to   space 8704K,   0% used [0x096d0000, 0x096d0000, 0x09f50000)
 tenured generation   total 174784K, used 111880K [0x09f50000, 0x14a00000, 0x14a00000)
   the space 174784K,  64% used [0x09f50000, 0x10c92000, 0x10c92000, 0x14a00000)
 Metaspace       used 10826K, capacity 10872K, committed 11008K, reserved 11648K
}
Event: 3.284 GC heap before
{Heap before GC invocations=30 (full 4):
 def new generation   total 78656K, used 69952K [0x04a00000, 0x09f50000, 0x09f50000)
  eden space 69952K, 100% used [0x04a00000, 0x08e50000, 0x08e50000)
  from space 8704K,   0% used [0x08e50000, 0x08e50000, 0x096d0000)
  to   space 8704K,   0% used [0x096d0000, 0x096d0000, 0x09f50000)
 tenured generation   total 174784K, used 111880K [0x09f50000, 0x14a00000, 0x14a00000)
   the space 174784K,  64% used [0x09f50000, 0x10c92000, 0x10c92000, 0x14a00000)
 Metaspace       used 10826K, capacity 10872K, committed 11008K, reserved 11648K
Event: 3.401 GC heap after
Heap after GC invocations=31 (full 4):
 def new generation   total 78656K, used 8703K [0x04a00000, 0x09f50000, 0x09f50000)
  eden space 69952K,   0% used [0x04a00000, 0x04a00000, 0x08e50000)
  from space 8704K,  99% used [0x096d0000, 0x09f4fff8, 0x09f50000)
  to   space 8704K,   0% used [0x08e50000, 0x08e50000, 0x096d0000)
 tenured generation   total 174784K, used 137847K [0x09f50000, 0x14a00000, 0x14a00000)
   the space 174784K,  78% used [0x09f50000, 0x125ede68, 0x125ee000, 0x14a00000)
 Metaspace       used 10826K, capacity 10872K, committed 11008K, reserved 11648K
}
Event: 3.624 GC heap before
{Heap before GC invocations=31 (full 4):
 def new generation   total 78656K, used 78655K [0x04a00000, 0x09f50000, 0x09f50000)
  eden space 69952K, 100% used [0x04a00000, 0x08e50000, 0x08e50000)
  from space 8704K,  99% used [0x096d0000, 0x09f4fff8, 0x09f50000)
  to   space 8704K,   0% used [0x08e50000, 0x08e50000, 0x096d0000)
 tenured generation   total 174784K, used 137847K [0x09f50000, 0x14a00000, 0x14a00000)
   the space 174784K,  78% used [0x09f50000, 0x125ede68, 0x125ee000, 0x14a00000)
 Metaspace       used 10826K, capacity 10872K, committed 11008K, reserved 11648K
Event: 3.726 GC heap after
Heap after GC invocations=32 (full 4):
 def new generation   total 78656K, used 8704K [0x04a00000, 0x09f50000, 0x09f50000)
  eden space 69952K,   0% used [0x04a00000, 0x04a00000, 0x08e50000)
  from space 8704K, 100% used [0x08e50000, 0x096d0000, 0x096d0000)
  to   space 8704K,   0% used [0x096d0000, 0x096d0000, 0x09f50000)
 tenured generation   total 174784K, used 171263K [0x09f50000, 0x14a00000, 0x14a00000)
   the space 174784K,  97% used [0x09f50000, 0x1468fef0, 0x14690000, 0x14a00000)
 Metaspace       used 10826K, capacity 10872K, committed 11008K, reserved 11648K
}
Event: 4.442 GC heap before
{Heap before GC invocations=32 (full 4):
 def new generation   total 78656K, used 78656K [0x04a00000, 0x09f50000, 0x09f50000)
  eden space 69952K, 100% used [0x04a00000, 0x08e50000, 0x08e50000)
  from space 8704K, 100% used [0x08e50000, 0x096d0000, 0x096d0000)
  to   space 8704K,   0% used [0x096d0000, 0x096d0000, 0x09f50000)
 tenured generation   total 174784K, used 171263K [0x09f50000, 0x14a00000, 0x14a00000)
   the space 174784K,  97% used [0x09f50000, 0x1468fef0, 0x14690000, 0x14a00000)
 Metaspace       used 11280K, capacity 11352K, committed 11520K, reserved 11648K
Event: 4.781 GC heap after
Heap after GC invocations=33 (full 5):
 def new generation   total 78656K, used 0K [0x04a00000, 0x09f50000, 0x09f50000)
  eden space 69952K,   0% used [0x04a00000, 0x04a00000, 0x08e50000)
  from space 8704K,   0% used [0x08e50000, 0x08e50000, 0x096d0000)
  to   space 8704K,   0% used [0x096d0000, 0x096d0000, 0x09f50000)
 tenured generation   total 174784K, used 140955K [0x09f50000, 0x14a00000, 0x14a00000)
   the space 174784K,  80% used [0x09f50000, 0x128f6dd8, 0x128f6e00, 0x14a00000)
 Metaspace       used 11280K, capacity 11352K, committed 11520K, reserved 11648K
}

