# JRE version: Java(TM) SE Runtime Environment (8.0-b132) (build 1.8.0-b132)
# Java VM: Java HotSpot(TM) Client VM (25.0-b70 mixed mode windows-x86 )
Heap:
 def new generation   total 78656K, used 6179K [0x04e00000, 0x0a350000, 0x0a350000)
  eden space 69952K,   8% used [0x04e00000, 0x05408df8, 0x09250000)
  from space 8704K,   0% used [0x09250000, 0x09250000, 0x09ad0000)
  to   space 8704K,   0% used [0x09ad0000, 0x09ad0000, 0x0a350000)
 tenured generation   total 174784K, used 137070K [0x0a350000, 0x14e00000, 0x14e00000)
   the space 174784K,  78% used [0x0a350000, 0x1292b8a8, 0x1292ba00, 0x14e00000)
 Metaspace       used 11385K, capacity 11480K, committed 11648K, reserved 11648K
GC Heap History (10 events):
Event: 4.860 GC heap before
{Heap before GC invocations=28 (full 3):
 def new generation   total 42816K, used 42816K [0x04e00000, 0x07c70000, 0x0a350000)
  eden space 38080K, 100% used [0x04e00000, 0x07330000, 0x07330000)
  from space 4736K, 100% used [0x077d0000, 0x07c70000, 0x07c70000)
  to   space 4736K,   0% used [0x07330000, 0x07330000, 0x077d0000)
 tenured generation   total 94980K, used 73751K [0x0a350000, 0x10011000, 0x14e00000)
   the space 94980K,  77% used [0x0a350000, 0x0eb55f90, 0x0eb56000, 0x10011000)
 Metaspace       used 10826K, capacity 10872K, committed 11008K, reserved 11648K
Event: 4.934 GC heap after
Heap after GC invocations=29 (full 3):
 def new generation   total 42816K, used 4736K [0x04e00000, 0x07c70000, 0x0a350000)
  eden space 38080K,   0% used [0x04e00000, 0x04e00000, 0x07330000)
  from space 4736K, 100% used [0x07330000, 0x077d0000, 0x077d0000)
  to   space 4736K,   0% used [0x077d0000, 0x077d0000, 0x07c70000)
 tenured generation   total 94980K, used 91675K [0x0a350000, 0x10011000, 0x14e00000)
   the space 94980K,  96% used [0x0a350000, 0x0fcd6e70, 0x0fcd7000, 0x10011000)
 Metaspace       used 10826K, capacity 10872K, committed 11008K, reserved 11648K
}
Event: 5.173 GC heap before
{Heap before GC invocations=29 (full 3):
 def new generation   total 42816K, used 42816K [0x04e00000, 0x07c70000, 0x0a350000)
  eden space 38080K, 100% used [0x04e00000, 0x07330000, 0x07330000)
  from space 4736K, 100% used [0x07330000, 0x077d0000, 0x077d0000)
  to   space 4736K,   0% used [0x077d0000, 0x077d0000, 0x07c70000)
 tenured generation   total 94980K, used 91675K [0x0a350000, 0x10011000, 0x14e00000)
   the space 94980K,  96% used [0x0a350000, 0x0fcd6e70, 0x0fcd7000, 0x10011000)
 Metaspace       used 10826K, capacity 10872K, committed 11008K, reserved 11648K
Event: 5.507 GC heap after
Heap after GC invocations=30 (full 4):
 def new generation   total 78656K, used 2743K [0x04e00000, 0x0a350000, 0x0a350000)
  eden space 69952K,   3% used [0x04e00000, 0x050aded0, 0x09250000)
  from space 8704K,   0% used [0x09250000, 0x09250000, 0x09ad0000)
  to   space 8704K,   0% used [0x09ad0000, 0x09ad0000, 0x0a350000)
 tenured generation   total 174784K, used 110467K [0x0a350000, 0x14e00000, 0x14e00000)
   the space 174784K,  63% used [0x0a350000, 0x10f30fd8, 0x10f31000, 0x14e00000)
 Metaspace       used 10826K, capacity 10872K, committed 11008K, reserved 11648K
}
Event: 5.975 GC heap before
{Heap before GC invocations=30 (full 4):
 def new generation   total 78656K, used 69952K [0x04e00000, 0x0a350000, 0x0a350000)
  eden space 69952K, 100% used [0x04e00000, 0x09250000, 0x09250000)
  from space 8704K,   0% used [0x09250000, 0x09250000, 0x09ad0000)
  to   space 8704K,   0% used [0x09ad0000, 0x09ad0000, 0x0a350000)
 tenured generation   total 174784K, used 110467K [0x0a350000, 0x14e00000, 0x14e00000)
   the space 174784K,  63% used [0x0a350000, 0x10f30fd8, 0x10f31000, 0x14e00000)
 Metaspace       used 10826K, capacity 10872K, committed 11008K, reserved 11648K
Event: 6.144 GC heap after
Heap after GC invocations=31 (full 4):
 def new generation   total 78656K, used 8704K [0x04e00000, 0x0a350000, 0x0a350000)
  eden space 69952K,   0% used [0x04e00000, 0x04e00000, 0x09250000)
  from space 8704K, 100% used [0x09ad0000, 0x0a350000, 0x0a350000)
  to   space 8704K,   0% used [0x09250000, 0x09250000, 0x09ad0000)
 tenured generation   total 174784K, used 136471K [0x0a350000, 0x14e00000, 0x14e00000)
   the space 174784K,  78% used [0x0a350000, 0x12895c70, 0x12895e00, 0x14e00000)
 Metaspace       used 10826K, capacity 10872K, committed 11008K, reserved 11648K
}
Event: 6.658 GC heap before
{Heap before GC invocations=31 (full 4):
 def new generation   total 78656K, used 78656K [0x04e00000, 0x0a350000, 0x0a350000)
  eden space 69952K, 100% used [0x04e00000, 0x09250000, 0x09250000)
  from space 8704K, 100% used [0x09ad0000, 0x0a350000, 0x0a350000)
  to   space 8704K,   0% used [0x09250000, 0x09250000, 0x09ad0000)
 tenured generation   total 174784K, used 136471K [0x0a350000, 0x14e00000, 0x14e00000)
   the space 174784K,  78% used [0x0a350000, 0x12895c70, 0x12895e00, 0x14e00000)
 Metaspace       used 10826K, capacity 10872K, committed 11008K, reserved 11648K
Event: 6.825 GC heap after
Heap after GC invocations=32 (full 4):
 def new generation   total 78656K, used 8703K [0x04e00000, 0x0a350000, 0x0a350000)
  eden space 69952K,   0% used [0x04e00000, 0x04e00000, 0x09250000)
  from space 8704K,  99% used [0x09250000, 0x09acfff8, 0x09ad0000)
  to   space 8704K,   0% used [0x09ad0000, 0x09ad0000, 0x0a350000)
 tenured generation   total 174784K, used 169424K [0x0a350000, 0x14e00000, 0x14e00000)
   the space 174784K,  96% used [0x0a350000, 0x148c4100, 0x148c4200, 0x14e00000)
 Metaspace       used 10826K, capacity 10872K, committed 11008K, reserved 11648K
}
Event: 8.386 GC heap before
{Heap before GC invocations=32 (full 4):
 def new generation   total 78656K, used 78655K [0x04e00000, 0x0a350000, 0x0a350000)
  eden space 69952K, 100% used [0x04e00000, 0x09250000, 0x09250000)
  from space 8704K,  99% used [0x09250000, 0x09acfff8, 0x09ad0000)
  to   space 8704K,   0% used [0x09ad0000, 0x09ad0000, 0x0a350000)
 tenured generation   total 174784K, used 169424K [0x0a350000, 0x14e00000, 0x14e00000)
   the space 174784K,  96% used [0x0a350000, 0x148c4100, 0x148c4200, 0x14e00000)
 Metaspace       used 11321K, capacity 11384K, committed 11520K, reserved 11648K
Event: 8.898 GC heap after
Heap after GC invocations=33 (full 5):
 def new generation   total 78656K, used 0K [0x04e00000, 0x0a350000, 0x0a350000)
  eden space 69952K,   0% used [0x04e00000, 0x04e00000, 0x09250000)
  from space 8704K,   0% used [0x09250000, 0x09250000, 0x09ad0000)
  to   space 8704K,   0% used [0x09ad0000, 0x09ad0000, 0x0a350000)
 tenured generation   total 174784K, used 137070K [0x0a350000, 0x14e00000, 0x14e00000)
   the space 174784K,  78% used [0x0a350000, 0x1292b8a8, 0x1292ba00, 0x14e00000)
 Metaspace       used 11321K, capacity 11384K, committed 11520K, reserved 11648K
}

