# JRE version: Java(TM) SE Runtime Environment (8.0-b132) (build 1.8.0-b132)
# Java VM: Java HotSpot(TM) Client VM (25.0-b70 mixed mode, sharing windows-x86 )
Heap:
 def new generation   total 78656K, used 36143K [0x04600000, 0x09b50000, 0x09b50000)
  eden space 69952K,  51% used [0x04600000, 0x0694bcc8, 0x08a50000)
  from space 8704K,   0% used [0x08a50000, 0x08a50000, 0x092d0000)
  to   space 8704K,   0% used [0x092d0000, 0x092d0000, 0x09b50000)
 tenured generation   total 174784K, used 140463K [0x09b50000, 0x14600000, 0x14600000)
   the space 174784K,  80% used [0x09b50000, 0x1247bf18, 0x1247c000, 0x14600000)
 Metaspace       used 8533K, capacity 9122K, committed 9216K, reserved 9600K
GC Heap History (10 events):
Event: 2.598 GC heap before
{Heap before GC invocations=28 (full 3):
 def new generation   total 42688K, used 42688K [0x04600000, 0x07450000, 0x09b50000)
  eden space 37952K, 100% used [0x04600000, 0x06b10000, 0x06b10000)
  from space 4736K, 100% used [0x06fb0000, 0x07450000, 0x07450000)
  to   space 4736K,   0% used [0x06b10000, 0x06b10000, 0x06fb0000)
 tenured generation   total 94756K, used 74830K [0x09b50000, 0x0f7d9000, 0x14600000)
   the space 94756K,  78% used [0x09b50000, 0x0e463910, 0x0e463a00, 0x0f7d9000)
 Metaspace       used 7954K, capacity 8528K, committed 8576K, reserved 8576K
Event: 2.649 GC heap after
Heap after GC invocations=29 (full 3):
 def new generation   total 42688K, used 4735K [0x04600000, 0x07450000, 0x09b50000)
  eden space 37952K,   0% used [0x04600000, 0x04600000, 0x06b10000)
  from space 4736K,  99% used [0x06b10000, 0x06fafff8, 0x06fb0000)
  to   space 4736K,   0% used [0x06fb0000, 0x06fb0000, 0x07450000)
 tenured generation   total 94756K, used 92631K [0x09b50000, 0x0f7d9000, 0x14600000)
   the space 94756K,  97% used [0x09b50000, 0x0f5c5fe0, 0x0f5c6000, 0x0f7d9000)
 Metaspace       used 7954K, capacity 8528K, committed 8576K, reserved 8576K
}
Event: 2.753 GC heap before
{Heap before GC invocations=29 (full 3):
 def new generation   total 42688K, used 42687K [0x04600000, 0x07450000, 0x09b50000)
  eden space 37952K, 100% used [0x04600000, 0x06b10000, 0x06b10000)
  from space 4736K,  99% used [0x06b10000, 0x06fafff8, 0x06fb0000)
  to   space 4736K,   0% used [0x06fb0000, 0x06fb0000, 0x07450000)
 tenured generation   total 94756K, used 92631K [0x09b50000, 0x0f7d9000, 0x14600000)
   the space 94756K,  97% used [0x09b50000, 0x0f5c5fe0, 0x0f5c6000, 0x0f7d9000)
 Metaspace       used 7954K, capacity 8528K, committed 8576K, reserved 8576K
Event: 2.977 GC heap after
Heap after GC invocations=30 (full 4):
 def new generation   total 78656K, used 2721K [0x04600000, 0x09b50000, 0x09b50000)
  eden space 69952K,   3% used [0x04600000, 0x048a8770, 0x08a50000)
  from space 8704K,   0% used [0x08a50000, 0x08a50000, 0x092d0000)
  to   space 8704K,   0% used [0x092d0000, 0x092d0000, 0x09b50000)
 tenured generation   total 174784K, used 111395K [0x09b50000, 0x14600000, 0x14600000)
   the space 174784K,  63% used [0x09b50000, 0x10818fe8, 0x10819000, 0x14600000)
 Metaspace       used 7954K, capacity 8528K, committed 8576K, reserved 8576K
}
Event: 3.177 GC heap before
{Heap before GC invocations=30 (full 4):
 def new generation   total 78656K, used 69952K [0x04600000, 0x09b50000, 0x09b50000)
  eden space 69952K, 100% used [0x04600000, 0x08a50000, 0x08a50000)
  from space 8704K,   0% used [0x08a50000, 0x08a50000, 0x092d0000)
  to   space 8704K,   0% used [0x092d0000, 0x092d0000, 0x09b50000)
 tenured generation   total 174784K, used 111395K [0x09b50000, 0x14600000, 0x14600000)
   the space 174784K,  63% used [0x09b50000, 0x10818fe8, 0x10819000, 0x14600000)
 Metaspace       used 7954K, capacity 8528K, committed 8576K, reserved 8576K
Event: 3.283 GC heap after
Heap after GC invocations=31 (full 4):
 def new generation   total 78656K, used 8704K [0x04600000, 0x09b50000, 0x09b50000)
  eden space 69952K,   0% used [0x04600000, 0x04600000, 0x08a50000)
  from space 8704K, 100% used [0x092d0000, 0x09b50000, 0x09b50000)
  to   space 8704K,   0% used [0x08a50000, 0x08a50000, 0x092d0000)
 tenured generation   total 174784K, used 137414K [0x09b50000, 0x14600000, 0x14600000)
   the space 174784K,  78% used [0x09b50000, 0x12181bf8, 0x12181c00, 0x14600000)
 Metaspace       used 7954K, capacity 8528K, committed 8576K, reserved 8576K
}
Event: 3.499 GC heap before
{Heap before GC invocations=31 (full 4):
 def new generation   total 78656K, used 78656K [0x04600000, 0x09b50000, 0x09b50000)
  eden space 69952K, 100% used [0x04600000, 0x08a50000, 0x08a50000)
  from space 8704K, 100% used [0x092d0000, 0x09b50000, 0x09b50000)
  to   space 8704K,   0% used [0x08a50000, 0x08a50000, 0x092d0000)
 tenured generation   total 174784K, used 137414K [0x09b50000, 0x14600000, 0x14600000)
   the space 174784K,  78% used [0x09b50000, 0x12181bf8, 0x12181c00, 0x14600000)
 Metaspace       used 7954K, capacity 8528K, committed 8576K, reserved 8576K
Event: 3.600 GC heap after
Heap after GC invocations=32 (full 4):
 def new generation   total 78656K, used 8704K [0x04600000, 0x09b50000, 0x09b50000)
  eden space 69952K,   0% used [0x04600000, 0x04600000, 0x08a50000)
  from space 8704K, 100% used [0x08a50000, 0x092d0000, 0x092d0000)
  to   space 8704K,   0% used [0x092d0000, 0x092d0000, 0x09b50000)
 tenured generation   total 174784K, used 170831K [0x09b50000, 0x14600000, 0x14600000)
   the space 174784K,  97% used [0x09b50000, 0x14223d68, 0x14223e00, 0x14600000)
 Metaspace       used 7954K, capacity 8528K, committed 8576K, reserved 8576K
}
Event: 4.346 GC heap before
{Heap before GC invocations=32 (full 4):
 def new generation   total 78656K, used 78656K [0x04600000, 0x09b50000, 0x09b50000)
  eden space 69952K, 100% used [0x04600000, 0x08a50000, 0x08a50000)
  from space 8704K, 100% used [0x08a50000, 0x092d0000, 0x092d0000)
  to   space 8704K,   0% used [0x092d0000, 0x092d0000, 0x09b50000)
 tenured generation   total 174784K, used 170831K [0x09b50000, 0x14600000, 0x14600000)
   the space 174784K,  97% used [0x09b50000, 0x14223d68, 0x14223e00, 0x14600000)
 Metaspace       used 8434K, capacity 9008K, committed 9088K, reserved 9600K
Event: 4.683 GC heap after
Heap after GC invocations=33 (full 5):
 def new generation   total 78656K, used 0K [0x04600000, 0x09b50000, 0x09b50000)
  eden space 69952K,   0% used [0x04600000, 0x04600000, 0x08a50000)
  from space 8704K,   0% used [0x08a50000, 0x08a50000, 0x092d0000)
  to   space 8704K,   0% used [0x092d0000, 0x092d0000, 0x09b50000)
 tenured generation   total 174784K, used 140463K [0x09b50000, 0x14600000, 0x14600000)
   the space 174784K,  80% used [0x09b50000, 0x1247bf18, 0x1247c000, 0x14600000)
 Metaspace       used 8434K, capacity 9008K, committed 9088K, reserved 9600K
}

