# JRE version: Java(TM) SE Runtime Environment (8.0-b132) (build 1.8.0-b132)
# Java VM: Java HotSpot(TM) Client VM (25.0-b70 mixed mode, sharing windows-x86 )
Heap:
 def new generation   total 78656K, used 69530K [0x04200000, 0x09750000, 0x09750000)
  eden space 69952K,  99% used [0x04200000, 0x085e6978, 0x08650000)
  from space 8704K,   0% used [0x08650000, 0x08650000, 0x08ed0000)
  to   space 8704K,   0% used [0x08ed0000, 0x08ed0000, 0x09750000)
 tenured generation   total 174784K, used 135186K [0x09750000, 0x14200000, 0x14200000)
   the space 174784K,  77% used [0x09750000, 0x11b54910, 0x11b54a00, 0x14200000)
 Metaspace       used 8502K, capacity 9090K, committed 9216K, reserved 9600K
GC Heap History (10 events):
Event: 4.773 GC heap before
{Heap before GC invocations=28 (full 3):
 def new generation   total 42688K, used 42688K [0x04200000, 0x07050000, 0x09750000)
  eden space 37952K, 100% used [0x04200000, 0x06710000, 0x06710000)
  from space 4736K, 100% used [0x06bb0000, 0x07050000, 0x07050000)
  to   space 4736K,   0% used [0x06710000, 0x06710000, 0x06bb0000)
 tenured generation   total 94744K, used 73036K [0x09750000, 0x0f3d6000, 0x14200000)
   the space 94744K,  77% used [0x09750000, 0x0dea3108, 0x0dea3200, 0x0f3d6000)
 Metaspace       used 7953K, capacity 8528K, committed 8576K, reserved 8576K
Event: 4.850 GC heap after
Heap after GC invocations=29 (full 3):
 def new generation   total 42688K, used 4735K [0x04200000, 0x07050000, 0x09750000)
  eden space 37952K,   0% used [0x04200000, 0x04200000, 0x06710000)
  from space 4736K,  99% used [0x06710000, 0x06bafff8, 0x06bb0000)
  to   space 4736K,   0% used [0x06bb0000, 0x06bb0000, 0x07050000)
 tenured generation   total 94744K, used 90915K [0x09750000, 0x0f3d6000, 0x14200000)
   the space 94744K,  95% used [0x09750000, 0x0f018f60, 0x0f019000, 0x0f3d6000)
 Metaspace       used 7953K, capacity 8528K, committed 8576K, reserved 8576K
}
Event: 5.053 GC heap before
{Heap before GC invocations=29 (full 3):
 def new generation   total 42688K, used 42687K [0x04200000, 0x07050000, 0x09750000)
  eden space 37952K, 100% used [0x04200000, 0x06710000, 0x06710000)
  from space 4736K,  99% used [0x06710000, 0x06bafff8, 0x06bb0000)
  to   space 4736K,   0% used [0x06bb0000, 0x06bb0000, 0x07050000)
 tenured generation   total 94744K, used 90915K [0x09750000, 0x0f3d6000, 0x14200000)
   the space 94744K,  95% used [0x09750000, 0x0f018f60, 0x0f019000, 0x0f3d6000)
 Metaspace       used 7953K, capacity 8528K, committed 8576K, reserved 8576K
Event: 5.362 GC heap after
Heap after GC invocations=30 (full 4):
 def new generation   total 78656K, used 2813K [0x04200000, 0x09750000, 0x09750000)
  eden space 69952K,   4% used [0x04200000, 0x044bf418, 0x08650000)
  from space 8704K,   0% used [0x08650000, 0x08650000, 0x08ed0000)
  to   space 8704K,   0% used [0x08ed0000, 0x08ed0000, 0x09750000)
 tenured generation   total 174784K, used 109591K [0x09750000, 0x14200000, 0x14200000)
   the space 174784K,  62% used [0x09750000, 0x10255ff8, 0x10256000, 0x14200000)
 Metaspace       used 7953K, capacity 8528K, committed 8576K, reserved 8576K
}
Event: 5.880 GC heap before
{Heap before GC invocations=30 (full 4):
 def new generation   total 78656K, used 69952K [0x04200000, 0x09750000, 0x09750000)
  eden space 69952K, 100% used [0x04200000, 0x08650000, 0x08650000)
  from space 8704K,   0% used [0x08650000, 0x08650000, 0x08ed0000)
  to   space 8704K,   0% used [0x08ed0000, 0x08ed0000, 0x09750000)
 tenured generation   total 174784K, used 109591K [0x09750000, 0x14200000, 0x14200000)
   the space 174784K,  62% used [0x09750000, 0x10255ff8, 0x10256000, 0x14200000)
 Metaspace       used 7953K, capacity 8528K, committed 8576K, reserved 8576K
Event: 6.051 GC heap after
Heap after GC invocations=31 (full 4):
 def new generation   total 78656K, used 8704K [0x04200000, 0x09750000, 0x09750000)
  eden space 69952K,   0% used [0x04200000, 0x04200000, 0x08650000)
  from space 8704K, 100% used [0x08ed0000, 0x09750000, 0x09750000)
  to   space 8704K,   0% used [0x08650000, 0x08650000, 0x08ed0000)
 tenured generation   total 174784K, used 135619K [0x09750000, 0x14200000, 0x14200000)
   the space 174784K,  77% used [0x09750000, 0x11bc0e40, 0x11bc1000, 0x14200000)
 Metaspace       used 7953K, capacity 8528K, committed 8576K, reserved 8576K
}
Event: 6.594 GC heap before
{Heap before GC invocations=31 (full 4):
 def new generation   total 78656K, used 78656K [0x04200000, 0x09750000, 0x09750000)
  eden space 69952K, 100% used [0x04200000, 0x08650000, 0x08650000)
  from space 8704K, 100% used [0x08ed0000, 0x09750000, 0x09750000)
  to   space 8704K,   0% used [0x08650000, 0x08650000, 0x08ed0000)
 tenured generation   total 174784K, used 135619K [0x09750000, 0x14200000, 0x14200000)
   the space 174784K,  77% used [0x09750000, 0x11bc0e40, 0x11bc1000, 0x14200000)
 Metaspace       used 7953K, capacity 8528K, committed 8576K, reserved 8576K
Event: 6.770 GC heap after
Heap after GC invocations=32 (full 4):
 def new generation   total 78656K, used 8704K [0x04200000, 0x09750000, 0x09750000)
  eden space 69952K,   0% used [0x04200000, 0x04200000, 0x08650000)
  from space 8704K, 100% used [0x08650000, 0x08ed0000, 0x08ed0000)
  to   space 8704K,   0% used [0x08ed0000, 0x08ed0000, 0x09750000)
 tenured generation   total 174784K, used 168299K [0x09750000, 0x14200000, 0x14200000)
   the space 174784K,  96% used [0x09750000, 0x13baae90, 0x13bab000, 0x14200000)
 Metaspace       used 7953K, capacity 8528K, committed 8576K, reserved 8576K
}
Event: 8.300 GC heap before
{Heap before GC invocations=32 (full 4):
 def new generation   total 78656K, used 78656K [0x04200000, 0x09750000, 0x09750000)
  eden space 69952K, 100% used [0x04200000, 0x08650000, 0x08650000)
  from space 8704K, 100% used [0x08650000, 0x08ed0000, 0x08ed0000)
  to   space 8704K,   0% used [0x08ed0000, 0x08ed0000, 0x09750000)
 tenured generation   total 174784K, used 168299K [0x09750000, 0x14200000, 0x14200000)
   the space 174784K,  96% used [0x09750000, 0x13baae90, 0x13bab000, 0x14200000)
 Metaspace       used 8441K, capacity 9040K, committed 9088K, reserved 9600K
Event: 8.803 GC heap after
Heap after GC invocations=33 (full 5):
 def new generation   total 78656K, used 0K [0x04200000, 0x09750000, 0x09750000)
  eden space 69952K,   0% used [0x04200000, 0x04200000, 0x08650000)
  from space 8704K,   0% used [0x08650000, 0x08650000, 0x08ed0000)
  to   space 8704K,   0% used [0x08ed0000, 0x08ed0000, 0x09750000)
 tenured generation   total 174784K, used 135186K [0x09750000, 0x14200000, 0x14200000)
   the space 174784K,  77% used [0x09750000, 0x11b54910, 0x11b54a00, 0x14200000)
 Metaspace       used 8441K, capacity 9040K, committed 9088K, reserved 9600K
}

