# JRE version: Java(TM) SE Runtime Environment (8.0-b132) (build 1.8.0-b132)
# Java VM: Java HotSpot(TM) Client VM (25.0-b70 mixed mode, sharing windows-x86 )
Heap:
 def new generation   total 78656K, used 30423K [0x04800000, 0x09d50000, 0x09d50000)
  eden space 69952K,  43% used [0x04800000, 0x065b5ca0, 0x08c50000)
  from space 8704K,   0% used [0x08c50000, 0x08c50000, 0x094d0000)
  to   space 8704K,   0% used [0x094d0000, 0x094d0000, 0x09d50000)
 tenured generation   total 174784K, used 140110K [0x09d50000, 0x14800000, 0x14800000)
   the space 174784K,  80% used [0x09d50000, 0x12623b20, 0x12623c00, 0x14800000)
 Metaspace       used 8502K, capacity 9090K, committed 9216K, reserved 9600K
GC Heap History (10 events):
Event: 2.668 GC heap before
{Heap before GC invocations=28 (full 3):
 def new generation   total 42688K, used 42688K [0x04800000, 0x07650000, 0x09d50000)
  eden space 37952K, 100% used [0x04800000, 0x06d10000, 0x06d10000)
  from space 4736K, 100% used [0x071b0000, 0x07650000, 0x07650000)
  to   space 4736K,   0% used [0x06d10000, 0x06d10000, 0x071b0000)
 tenured generation   total 94752K, used 74717K [0x09d50000, 0x0f9d8000, 0x14800000)
   the space 94752K,  78% used [0x09d50000, 0x0e647418, 0x0e647600, 0x0f9d8000)
 Metaspace       used 7952K, capacity 8528K, committed 8576K, reserved 8576K
Event: 2.716 GC heap after
Heap after GC invocations=29 (full 3):
 def new generation   total 42688K, used 4736K [0x04800000, 0x07650000, 0x09d50000)
  eden space 37952K,   0% used [0x04800000, 0x04800000, 0x06d10000)
  from space 4736K, 100% used [0x06d10000, 0x071b0000, 0x071b0000)
  to   space 4736K,   0% used [0x071b0000, 0x071b0000, 0x07650000)
 tenured generation   total 94752K, used 92521K [0x09d50000, 0x0f9d8000, 0x14800000)
   the space 94752K,  97% used [0x09d50000, 0x0f7aa5a8, 0x0f7aa600, 0x0f9d8000)
 Metaspace       used 7952K, capacity 8528K, committed 8576K, reserved 8576K
}
Event: 2.825 GC heap before
{Heap before GC invocations=29 (full 3):
 def new generation   total 42688K, used 42688K [0x04800000, 0x07650000, 0x09d50000)
  eden space 37952K, 100% used [0x04800000, 0x06d10000, 0x06d10000)
  from space 4736K, 100% used [0x06d10000, 0x071b0000, 0x071b0000)
  to   space 4736K,   0% used [0x071b0000, 0x071b0000, 0x07650000)
 tenured generation   total 94752K, used 92521K [0x09d50000, 0x0f9d8000, 0x14800000)
   the space 94752K,  97% used [0x09d50000, 0x0f7aa5a8, 0x0f7aa600, 0x0f9d8000)
 Metaspace       used 7952K, capacity 8528K, committed 8576K, reserved 8576K
Event: 3.054 GC heap after
Heap after GC invocations=30 (full 4):
 def new generation   total 78656K, used 2745K [0x04800000, 0x09d50000, 0x09d50000)
  eden space 69952K,   3% used [0x04800000, 0x04aae670, 0x08c50000)
  from space 8704K,   0% used [0x08c50000, 0x08c50000, 0x094d0000)
  to   space 8704K,   0% used [0x094d0000, 0x094d0000, 0x09d50000)
 tenured generation   total 174784K, used 111263K [0x09d50000, 0x14800000, 0x14800000)
   the space 174784K,  63% used [0x09d50000, 0x109f7fe8, 0x109f8000, 0x14800000)
 Metaspace       used 7952K, capacity 8528K, committed 8576K, reserved 8576K
}
Event: 3.281 GC heap before
{Heap before GC invocations=30 (full 4):
 def new generation   total 78656K, used 69952K [0x04800000, 0x09d50000, 0x09d50000)
  eden space 69952K, 100% used [0x04800000, 0x08c50000, 0x08c50000)
  from space 8704K,   0% used [0x08c50000, 0x08c50000, 0x094d0000)
  to   space 8704K,   0% used [0x094d0000, 0x094d0000, 0x09d50000)
 tenured generation   total 174784K, used 111263K [0x09d50000, 0x14800000, 0x14800000)
   the space 174784K,  63% used [0x09d50000, 0x109f7fe8, 0x109f8000, 0x14800000)
 Metaspace       used 7952K, capacity 8528K, committed 8576K, reserved 8576K
Event: 3.394 GC heap after
Heap after GC invocations=31 (full 4):
 def new generation   total 78656K, used 8703K [0x04800000, 0x09d50000, 0x09d50000)
  eden space 69952K,   0% used [0x04800000, 0x04800000, 0x08c50000)
  from space 8704K,  99% used [0x094d0000, 0x09d4fff8, 0x09d50000)
  to   space 8704K,   0% used [0x08c50000, 0x08c50000, 0x094d0000)
 tenured generation   total 174784K, used 137293K [0x09d50000, 0x14800000, 0x14800000)
   the space 174784K,  78% used [0x09d50000, 0x12363458, 0x12363600, 0x14800000)
 Metaspace       used 7952K, capacity 8528K, committed 8576K, reserved 8576K
}
Event: 3.632 GC heap before
{Heap before GC invocations=31 (full 4):
 def new generation   total 78656K, used 78655K [0x04800000, 0x09d50000, 0x09d50000)
  eden space 69952K, 100% used [0x04800000, 0x08c50000, 0x08c50000)
  from space 8704K,  99% used [0x094d0000, 0x09d4fff8, 0x09d50000)
  to   space 8704K,   0% used [0x08c50000, 0x08c50000, 0x094d0000)
 tenured generation   total 174784K, used 137293K [0x09d50000, 0x14800000, 0x14800000)
   the space 174784K,  78% used [0x09d50000, 0x12363458, 0x12363600, 0x14800000)
 Metaspace       used 7952K, capacity 8528K, committed 8576K, reserved 8576K
Event: 3.749 GC heap after
Heap after GC invocations=32 (full 4):
 def new generation   total 78656K, used 8704K [0x04800000, 0x09d50000, 0x09d50000)
  eden space 69952K,   0% used [0x04800000, 0x04800000, 0x08c50000)
  from space 8704K, 100% used [0x08c50000, 0x094d0000, 0x094d0000)
  to   space 8704K,   0% used [0x094d0000, 0x094d0000, 0x09d50000)
 tenured generation   total 174784K, used 170711K [0x09d50000, 0x14800000, 0x14800000)
   the space 174784K,  97% used [0x09d50000, 0x14405cb8, 0x14405e00, 0x14800000)
 Metaspace       used 7952K, capacity 8528K, committed 8576K, reserved 8576K
}
Event: 4.582 GC heap before
{Heap before GC invocations=32 (full 4):
 def new generation   total 78656K, used 78656K [0x04800000, 0x09d50000, 0x09d50000)
  eden space 69952K, 100% used [0x04800000, 0x08c50000, 0x08c50000)
  from space 8704K, 100% used [0x08c50000, 0x094d0000, 0x094d0000)
  to   space 8704K,   0% used [0x094d0000, 0x094d0000, 0x09d50000)
 tenured generation   total 174784K, used 170711K [0x09d50000, 0x14800000, 0x14800000)
   the space 174784K,  97% used [0x09d50000, 0x14405cb8, 0x14405e00, 0x14800000)
 Metaspace       used 8404K, capacity 8976K, committed 9088K, reserved 9600K
Event: 4.919 GC heap after
Heap after GC invocations=33 (full 5):
 def new generation   total 78656K, used 0K [0x04800000, 0x09d50000, 0x09d50000)
  eden space 69952K,   0% used [0x04800000, 0x04800000, 0x08c50000)
  from space 8704K,   0% used [0x08c50000, 0x08c50000, 0x094d0000)
  to   space 8704K,   0% used [0x094d0000, 0x094d0000, 0x09d50000)
 tenured generation   total 174784K, used 140110K [0x09d50000, 0x14800000, 0x14800000)
   the space 174784K,  80% used [0x09d50000, 0x12623b20, 0x12623c00, 0x14800000)
 Metaspace       used 8404K, capacity 8976K, committed 9088K, reserved 9600K
}

