# JRE version: Java(TM) SE Runtime Environment (8.0-b132) (build 1.8.0-b132)
# Java VM: Java HotSpot(TM) Client VM (25.0-b70 mixed mode, sharing windows-x86 )
Heap:
 def new generation   total 78656K, used 3308K [0x04600000, 0x09b50000, 0x09b50000)
  eden space 69952K,   4% used [0x04600000, 0x0493b2c0, 0x08a50000)
  from space 8704K,   0% used [0x08a50000, 0x08a50000, 0x092d0000)
  to   space 8704K,   0% used [0x092d0000, 0x092d0000, 0x09b50000)
 tenured generation   total 174784K, used 96001K [0x09b50000, 0x14600000, 0x14600000)
   the space 174784K,  54% used [0x09b50000, 0x0f910770, 0x0f910800, 0x14600000)
 Metaspace       used 8505K, capacity 9090K, committed 9216K, reserved 9600K
GC Heap History (10 events):
Event: 3.260 GC heap before
{Heap before GC invocations=28 (full 3):
 def new generation   total 42688K, used 42688K [0x04600000, 0x07450000, 0x09b50000)
  eden space 37952K, 100% used [0x04600000, 0x06b10000, 0x06b10000)
  from space 4736K, 100% used [0x06fb0000, 0x07450000, 0x07450000)
  to   space 4736K,   0% used [0x06b10000, 0x06b10000, 0x06fb0000)
 tenured generation   total 94764K, used 72422K [0x09b50000, 0x0f7db000, 0x14600000)
   the space 94764K,  76% used [0x09b50000, 0x0e2099d0, 0x0e209a00, 0x0f7db000)
 Metaspace       used 7953K, capacity 8528K, committed 8576K, reserved 8576K
Event: 3.310 GC heap after
Heap after GC invocations=29 (full 3):
 def new generation   total 42688K, used 4736K [0x04600000, 0x07450000, 0x09b50000)
  eden space 37952K,   0% used [0x04600000, 0x04600000, 0x06b10000)
  from space 4736K, 100% used [0x06b10000, 0x06fb0000, 0x06fb0000)
  to   space 4736K,   0% used [0x06fb0000, 0x06fb0000, 0x07450000)
 tenured generation   total 94764K, used 90269K [0x09b50000, 0x0f7db000, 0x14600000)
   the space 94764K,  95% used [0x09b50000, 0x0f377628, 0x0f377800, 0x0f7db000)
 Metaspace       used 7953K, capacity 8528K, committed 8576K, reserved 8576K
}
Event: 3.428 GC heap before
{Heap before GC invocations=29 (full 3):
 def new generation   total 42688K, used 42688K [0x04600000, 0x07450000, 0x09b50000)
  eden space 37952K, 100% used [0x04600000, 0x06b10000, 0x06b10000)
  from space 4736K, 100% used [0x06b10000, 0x06fb0000, 0x06fb0000)
  to   space 4736K,   0% used [0x06fb0000, 0x06fb0000, 0x07450000)
 tenured generation   total 94764K, used 90269K [0x09b50000, 0x0f7db000, 0x14600000)
   the space 94764K,  95% used [0x09b50000, 0x0f377628, 0x0f377800, 0x0f7db000)
 Metaspace       used 7953K, capacity 8528K, committed 8576K, reserved 8576K
Event: 3.656 GC heap after
Heap after GC invocations=30 (full 4):
 def new generation   total 78656K, used 2965K [0x04600000, 0x09b50000, 0x09b50000)
  eden space 69952K,   4% used [0x04600000, 0x048e54d0, 0x08a50000)
  from space 8704K,   0% used [0x08a50000, 0x08a50000, 0x092d0000)
  to   space 8704K,   0% used [0x092d0000, 0x092d0000, 0x09b50000)
 tenured generation   total 174784K, used 108843K [0x09b50000, 0x14600000, 0x14600000)
   the space 174784K,  62% used [0x09b50000, 0x1059aff8, 0x1059b000, 0x14600000)
 Metaspace       used 7953K, capacity 8528K, committed 8576K, reserved 8576K
}
Event: 3.933 GC heap before
{Heap before GC invocations=30 (full 4):
 def new generation   total 78656K, used 69952K [0x04600000, 0x09b50000, 0x09b50000)
  eden space 69952K, 100% used [0x04600000, 0x08a50000, 0x08a50000)
  from space 8704K,   0% used [0x08a50000, 0x08a50000, 0x092d0000)
  to   space 8704K,   0% used [0x092d0000, 0x092d0000, 0x09b50000)
 tenured generation   total 174784K, used 108843K [0x09b50000, 0x14600000, 0x14600000)
   the space 174784K,  62% used [0x09b50000, 0x1059aff8, 0x1059b000, 0x14600000)
 Metaspace       used 7953K, capacity 8528K, committed 8576K, reserved 8576K
Event: 4.087 GC heap after
Heap after GC invocations=31 (full 4):
 def new generation   total 78656K, used 8703K [0x04600000, 0x09b50000, 0x09b50000)
  eden space 69952K,   0% used [0x04600000, 0x04600000, 0x08a50000)
  from space 8704K,  99% used [0x092d0000, 0x09b4fff8, 0x09b50000)
  to   space 8704K,   0% used [0x08a50000, 0x08a50000, 0x092d0000)
 tenured generation   total 174784K, used 134681K [0x09b50000, 0x14600000, 0x14600000)
   the space 174784K,  77% used [0x09b50000, 0x11ed67b8, 0x11ed6800, 0x14600000)
 Metaspace       used 7953K, capacity 8528K, committed 8576K, reserved 8576K
}
Event: 4.395 GC heap before
{Heap before GC invocations=31 (full 4):
 def new generation   total 78656K, used 78655K [0x04600000, 0x09b50000, 0x09b50000)
  eden space 69952K, 100% used [0x04600000, 0x08a50000, 0x08a50000)
  from space 8704K,  99% used [0x092d0000, 0x09b4fff8, 0x09b50000)
  to   space 8704K,   0% used [0x08a50000, 0x08a50000, 0x092d0000)
 tenured generation   total 174784K, used 134681K [0x09b50000, 0x14600000, 0x14600000)
   the space 174784K,  77% used [0x09b50000, 0x11ed67b8, 0x11ed6800, 0x14600000)
 Metaspace       used 7953K, capacity 8528K, committed 8576K, reserved 8576K
Event: 4.511 GC heap after
Heap after GC invocations=32 (full 4):
 def new generation   total 78656K, used 8703K [0x04600000, 0x09b50000, 0x09b50000)
  eden space 69952K,   0% used [0x04600000, 0x04600000, 0x08a50000)
  from space 8704K,  99% used [0x08a50000, 0x092cfff8, 0x092d0000)
  to   space 8704K,   0% used [0x092d0000, 0x092d0000, 0x09b50000)
 tenured generation   total 174784K, used 167324K [0x09b50000, 0x14600000, 0x14600000)
   the space 174784K,  95% used [0x09b50000, 0x13eb7208, 0x13eb7400, 0x14600000)
 Metaspace       used 7953K, capacity 8528K, committed 8576K, reserved 8576K
}
Event: 8.066 GC heap before
{Heap before GC invocations=32 (full 4):
 def new generation   total 78656K, used 78655K [0x04600000, 0x09b50000, 0x09b50000)
  eden space 69952K, 100% used [0x04600000, 0x08a50000, 0x08a50000)
  from space 8704K,  99% used [0x08a50000, 0x092cfff8, 0x092d0000)
  to   space 8704K,   0% used [0x092d0000, 0x092d0000, 0x09b50000)
 tenured generation   total 174784K, used 167324K [0x09b50000, 0x14600000, 0x14600000)
   the space 174784K,  95% used [0x09b50000, 0x13eb7208, 0x13eb7400, 0x14600000)
 Metaspace       used 8505K, capacity 9090K, committed 9216K, reserved 9600K
Event: 8.320 GC heap after
Heap after GC invocations=33 (full 5):
 def new generation   total 78656K, used 0K [0x04600000, 0x09b50000, 0x09b50000)
  eden space 69952K,   0% used [0x04600000, 0x04600000, 0x08a50000)
  from space 8704K,   0% used [0x08a50000, 0x08a50000, 0x092d0000)
  to   space 8704K,   0% used [0x092d0000, 0x092d0000, 0x09b50000)
 tenured generation   total 174784K, used 96001K [0x09b50000, 0x14600000, 0x14600000)
   the space 174784K,  54% used [0x09b50000, 0x0f910770, 0x0f910800, 0x14600000)
 Metaspace       used 8505K, capacity 9090K, committed 9216K, reserved 9600K
}

